<?xml version='1.0' encoding='UTF-8' ?>
<testsuite name="name.vaccari.matteo.unitdoctor.AndroidUnitDoctorViewTest" tests="10" failures="0" errors="0" skipped="0" time="0.985" timestamp="2016-01-21T13:37:13" hostname="localhost">
  <properties>
    <property name="device" value="Nexus_5_API_21(AVD) - 5.0.2" />
    <property name="flavor" value="" />
    <property name="project" value="app" />
  </properties>
  <testcase name="testAndroidTestCaseSetupProperly" classname="name.vaccari.matteo.unitdoctor.AndroidUnitDoctorViewTest" time="0.0" />
  <testcase name="testDoesNotBreakWhenInputFieldIsEmpty" classname="name.vaccari.matteo.unitdoctor.AndroidUnitDoctorViewTest" time="0.0" />
  <testcase name="testReturnInputValues" classname="name.vaccari.matteo.unitdoctor.AndroidUnitDoctorViewTest" time="0.0" />
  <testcase name="testSetsResult" classname="name.vaccari.matteo.unitdoctor.AndroidUnitDoctorViewTest" time="0.026" />
  <testcase name="testShowsError" classname="name.vaccari.matteo.unitdoctor.AndroidUnitDoctorViewTest" time="0.0" />
  <testcase name="testAndroidTestCaseSetupProperly" classname="name.vaccari.matteo.unitdoctor.ApplicationTest" time="0.0" />
  <testcase name="testApplicationTestCaseSetUpProperly" classname="name.vaccari.matteo.unitdoctor.ApplicationTest" time="0.0" />
  <testcase name="testFahrenheitToCelsius" classname="name.vaccari.matteo.unitdoctor.UnitConversionAcceptanceTest" time="0.334" />
  <testcase name="testInchesToCentimeters" classname="name.vaccari.matteo.unitdoctor.UnitConversionAcceptanceTest" time="0.36" />
  <testcase name="testUnknownUnits" classname="name.vaccari.matteo.unitdoctor.UnitConversionAcceptanceTest" time="0.231" />
</testsuite>