<?xml version="1.0" encoding="UTF-8"?>
<testsuite name="com.tdd4android.fairyfingers.core.CorePointTest" tests="2" skipped="0" failures="0" errors="0" timestamp="2016-01-21T12:02:43" hostname="eumvaccari.local" time="0.001">
  <properties/>
  <testcase name="decayToNothing" classname="com.tdd4android.fairyfingers.core.CorePointTest" time="0.0"/>
  <testcase name="decay" classname="com.tdd4android.fairyfingers.core.CorePointTest" time="0.0"/>
  <system-out><![CDATA[]]></system-out>
  <system-err><![CDATA[]]></system-err>
</testsuite>
