<?xml version="1.0" encoding="UTF-8"?>
<testsuite name="com.tdd4android.fairyfingers.core.FairyFingersCoreTest" tests="7" skipped="0" failures="0" errors="0" timestamp="2016-01-21T12:02:43" hostname="eumvaccari.local" time="0.005">
  <properties/>
  <testcase name="oneFingerDownThenMove" classname="com.tdd4android.fairyfingers.core.FairyFingersCoreTest" time="0.001"/>
  <testcase name="startOneLine" classname="com.tdd4android.fairyfingers.core.FairyFingersCoreTest" time="0.0"/>
  <testcase name="oneLineDownMoveUp" classname="com.tdd4android.fairyfingers.core.FairyFingersCoreTest" time="0.001"/>
  <testcase name="twoFingersStaggered" classname="com.tdd4android.fairyfingers.core.FairyFingersCoreTest" time="0.0"/>
  <testcase name="noLinesAtStart" classname="com.tdd4android.fairyfingers.core.FairyFingersCoreTest" time="0.0"/>
  <testcase name="dashDash" classname="com.tdd4android.fairyfingers.core.FairyFingersCoreTest" time="0.0"/>
  <testcase name="oldLineDeletion" classname="com.tdd4android.fairyfingers.core.FairyFingersCoreTest" time="0.0"/>
  <system-out><![CDATA[]]></system-out>
  <system-err><![CDATA[]]></system-err>
</testsuite>
