<?xml version="1.0" encoding="UTF-8"?>
<testsuite name="com.tdd4android.fairyfingers.core.ColorSequenceTest" tests="3" skipped="0" failures="0" errors="0" timestamp="2016-01-21T12:02:43" hostname="eumvaccari.local" time="0.008">
  <properties/>
  <testcase name="makeColorFromRgb" classname="com.tdd4android.fairyfingers.core.ColorSequenceTest" time="0.002"/>
  <testcase name="alternateColors" classname="com.tdd4android.fairyfingers.core.ColorSequenceTest" time="0.0"/>
  <testcase name="oneColor" classname="com.tdd4android.fairyfingers.core.ColorSequenceTest" time="0.0"/>
  <system-out><![CDATA[]]></system-out>
  <system-err><![CDATA[]]></system-err>
</testsuite>
