<?xml version="1.0" encoding="UTF-8"?>
<testsuite name="com.tdd4android.fairyfingers.core.TrailTest" tests="4" skipped="0" failures="0" errors="0" timestamp="2016-01-21T12:02:43" hostname="eumvaccari.local" time="0.004">
  <properties/>
  <testcase name="drawNoSegments" classname="com.tdd4android.fairyfingers.core.TrailTest" time="0.001"/>
  <testcase name="testLineDecay" classname="com.tdd4android.fairyfingers.core.TrailTest" time="0.001"/>
  <testcase name="drawMoreSegments" classname="com.tdd4android.fairyfingers.core.TrailTest" time="0.001"/>
  <testcase name="drawOneSegment" classname="com.tdd4android.fairyfingers.core.TrailTest" time="0.0"/>
  <system-out><![CDATA[]]></system-out>
  <system-err><![CDATA[]]></system-err>
</testsuite>
